{"/Users/khanhlequoc/Work/React-native/Personal/assignment/fpt-assignment/src/screens/RoomList/hooks/useDateTimeSelection.ts": {"path":"/Users/khanhlequoc/Work/React-native/Personal/assignment/fpt-assignment/src/screens/RoomList/hooks/useDateTimeSelection.ts","statementMap":{"0":{"start":{"line":10,"column":36},"end":{"line":35,"column":1}},"1":{"start":{"line":11,"column":50},"end":{"line":15,"column":4}},"2":{"start":{"line":12,"column":16},"end":{"line":12,"column":26}},"3":{"start":{"line":13,"column":4},"end":{"line":13,"column":29}},"4":{"start":{"line":14,"column":4},"end":{"line":14,"column":15}},"5":{"start":{"line":17,"column":21},"end":{"line":23,"column":3}},"6":{"start":{"line":18,"column":16},"end":{"line":18,"column":30}},"7":{"start":{"line":19,"column":18},"end":{"line":19,"column":68}},"8":{"start":{"line":20,"column":17},"end":{"line":20,"column":35}},"9":{"start":{"line":21,"column":19},"end":{"line":21,"column":61}},"10":{"start":{"line":22,"column":4},"end":{"line":22,"column":46}},"11":{"start":{"line":25,"column":21},"end":{"line":27,"column":3}},"12":{"start":{"line":26,"column":4},"end":{"line":26,"column":79}},"13":{"start":{"line":29,"column":2},"end":{"line":34,"column":4}}},"fnMap":{"0":{"name":"(anonymous_0)","decl":{"start":{"line":10,"column":36},"end":{"line":10,"column":37}},"loc":{"start":{"line":10,"column":70},"end":{"line":35,"column":1}},"line":10},"1":{"name":"(anonymous_1)","decl":{"start":{"line":11,"column":59},"end":{"line":11,"column":60}},"loc":{"start":{"line":11,"column":65},"end":{"line":15,"column":3}},"line":11},"2":{"name":"(anonymous_2)","decl":{"start":{"line":17,"column":21},"end":{"line":17,"column":22}},"loc":{"start":{"line":17,"column":37},"end":{"line":23,"column":3}},"line":17},"3":{"name":"(anonymous_3)","decl":{"start":{"line":25,"column":21},"end":{"line":25,"column":22}},"loc":{"start":{"line":25,"column":37},"end":{"line":27,"column":3}},"line":25}},"branchMap":{"0":{"loc":{"start":{"line":21,"column":19},"end":{"line":21,"column":61}},"type":"binary-expr","locations":[{"start":{"line":21,"column":19},"end":{"line":21,"column":53}},{"start":{"line":21,"column":57},"end":{"line":21,"column":61}}],"line":21}},"s":{"0":1,"1":9,"2":8,"3":8,"4":8,"5":9,"6":4,"7":4,"8":4,"9":4,"10":4,"11":9,"12":3,"13":9},"f":{"0":9,"1":8,"2":4,"3":3},"b":{"0":[4,1]},"_coverageSchema":"1a1c01bbd47fc00a2c39e90264f33305004495a9","hash":"2ada54f64dfcd55becff6a2a0f3a0151dbe32899"}
}
